[2025-12-16 19:26:46] INFO     Log guardado en: logs/forensic_20251216_192646.log
[2025-12-16 19:26:46] INFO     ==================================================
[2025-12-16 19:26:46] INFO     🔍 Forensic Image Analyzer v0.1.0
[2025-12-16 19:26:46] INFO     ==================================================
[2025-12-16 19:26:46] INFO     Imagen objetivo: /home/ichi/Imágenes/Data Set 1/test/fake/fake_5.jpg
[2025-12-16 19:26:46] INFO     Directorio de salida: data/output
[2025-12-16 19:26:46] INFO     
[1/4] Verificando integridad...
[2025-12-16 19:26:46] INFO     Verificando integridad de:  /home/ichi/Imágenes/Data Set 1/test/fake/fake_5.jpg
[2025-12-16 19:26:46] DEBUG    Calculando hash MD5 de /home/ichi/Imágenes/Data Set 1/test/fake/fake_5.jpg
[2025-12-16 19:26:46] INFO     MD5: 369b1be13fee33a249c599834a8bcb09
[2025-12-16 19:26:46] DEBUG    Calculando hash SHA1 de /home/ichi/Imágenes/Data Set 1/test/fake/fake_5.jpg
[2025-12-16 19:26:46] INFO     SHA1: b83a160678ab45e85247420b3d294da8985487bb
[2025-12-16 19:26:46] DEBUG    Calculando hash SHA256 de /home/ichi/Imágenes/Data Set 1/test/fake/fake_5.jpg
[2025-12-16 19:26:46] INFO     SHA256: 03a67ff988defedb8d0a10065d9a53013a50b7413b46a16012bdd51e31751166
[2025-12-16 19:26:46] INFO     
[2/4] Adquiriendo imagen...
[2025-12-16 19:26:46] INFO     Iniciando adquisición segura:  /home/ichi/Imágenes/Data Set 1/test/fake/fake_5.jpg
[2025-12-16 19:26:46] DEBUG    Copiando a: data/temp/20251216_192646_fake_5.jpg
[2025-12-16 19:26:46] INFO     ✅ Adquisición completada
[2025-12-16 19:26:46] INFO     
[3/4] Ejecutando análisis forense...
[2025-12-16 19:26:46] INFO     Inicializando analizadores...
[2025-12-16 19:26:46] DEBUG    ✅ Exiftool disponible
[2025-12-16 19:26:46] INFO     Analizadores activos: 1/1
[2025-12-16 19:26:46] INFO     Ejecutando pipeline completo sobre: /home/ichi/Escritorio/forensic-image-analyzer/data/temp/20251216_192646_fake_5.jpg
[2025-12-16 19:26:46] INFO     Ejecutando Exiftool en: /home/ichi/Escritorio/forensic-image-analyzer/data/temp/20251216_192646_fake_5.jpg
[2025-12-16 19:26:46] INFO     ✅ Exiftool completado
[2025-12-16 19:26:46] INFO     ✅ Pipeline completado
[2025-12-16 19:26:46] INFO     
[4/4] Generando informes...
[2025-12-16 19:26:46] INFO     Consolidando resultados...
[2025-12-16 19:26:46] INFO     ✅ Resultados consolidados
[2025-12-16 19:26:46] INFO     Generando informe JSON...
[2025-12-16 19:26:46] INFO     ✅ Informe JSON generado:  data/output/forensic_report_20251216_192646.json
[2025-12-16 19:26:46] INFO     Generando informe HTML...
[2025-12-16 19:26:46] ERROR    Error generando informe HTML: Format specifier missing precision
[2025-12-16 19:26:46] ERROR    Format specifier missing precision
Traceback (most recent call last):
  File "/home/ichi/Escritorio/forensic-image-analyzer/src/reporting/generator.py", line 103, in generate_html_report
    'file_size': format_file_size(size_bytes),
                 ^^^^^^^^^^^^^^^^^^^^^^^^^^^^
  File "/home/ichi/Escritorio/forensic-image-analyzer/src/reporting/generator.py", line 27, in format_file_size
    return f"{size:. 2f} {unit}"
             ^^^^^^^^^^^
ValueError: Format specifier missing precision
[2025-12-16 19:26:46] ERROR    No se pudo generar informe HTML: Format specifier missing precision
[2025-12-16 19:26:46] INFO     ==================================================
[2025-12-16 19:26:46] INFO     ✅ Análisis completado exitosamente
[2025-12-16 19:26:46] INFO     📄 Informe JSON: data/output/forensic_report_20251216_192646.json
[2025-12-16 19:26:46] INFO     🌐 Informe HTML: None
[2025-12-16 19:26:46] INFO     ==================================================
