[2025-12-16 18:50:39] INFO     Log guardado en: logs/forensic_20251216_185039.log
[2025-12-16 18:50:39] INFO     ==================================================
[2025-12-16 18:50:39] INFO     🔍 Forensic Image Analyzer v0.1.0
[2025-12-16 18:50:39] INFO     ==================================================
[2025-12-16 18:50:39] INFO     Imagen objetivo: /home/ichi/Imágenes/Data Set 1/test/fake/fake_5.jpg
[2025-12-16 18:50:39] INFO     Directorio de salida: data/output
[2025-12-16 18:50:39] INFO     
[1/4] Verificando integridad...
[2025-12-16 18:50:39] INFO     Verificando integridad de:  /home/ichi/Imágenes/Data Set 1/test/fake/fake_5.jpg
[2025-12-16 18:50:39] DEBUG    Calculando hash MD5 de /home/ichi/Imágenes/Data Set 1/test/fake/fake_5.jpg
[2025-12-16 18:50:39] INFO     MD5: 369b1be13fee33a249c599834a8bcb09
[2025-12-16 18:50:39] DEBUG    Calculando hash SHA1 de /home/ichi/Imágenes/Data Set 1/test/fake/fake_5.jpg
[2025-12-16 18:50:39] INFO     SHA1: b83a160678ab45e85247420b3d294da8985487bb
[2025-12-16 18:50:39] DEBUG    Calculando hash SHA256 de /home/ichi/Imágenes/Data Set 1/test/fake/fake_5.jpg
[2025-12-16 18:50:39] INFO     SHA256: 03a67ff988defedb8d0a10065d9a53013a50b7413b46a16012bdd51e31751166
[2025-12-16 18:50:39] INFO     
[2/4] Adquiriendo imagen...
[2025-12-16 18:50:39] INFO     Iniciando adquisición segura:  /home/ichi/Imágenes/Data Set 1/test/fake/fake_5.jpg
[2025-12-16 18:50:39] DEBUG    Copiando a: data/temp/20251216_185039_fake_5.jpg
[2025-12-16 18:50:39] INFO     ✅ Adquisición completada
[2025-12-16 18:50:39] INFO     
[3/4] Ejecutando análisis forense...
[2025-12-16 18:50:39] INFO     Inicializando analizadores...
[2025-12-16 18:50:39] DEBUG    ✅ Exiftool disponible
[2025-12-16 18:50:39] INFO     Analizadores activos: 1/1
[2025-12-16 18:50:39] INFO     Ejecutando pipeline completo sobre: /home/ichi/Escritorio/forensic-image-analyzer/data/temp/20251216_185039_fake_5.jpg
[2025-12-16 18:50:39] INFO     Ejecutando Exiftool en: /home/ichi/Escritorio/forensic-image-analyzer/data/temp/20251216_185039_fake_5.jpg
[2025-12-16 18:50:39] INFO     ✅ Exiftool completado
[2025-12-16 18:50:39] INFO     ✅ Pipeline completado
[2025-12-16 18:50:39] INFO     
[4/4] Generando informe...
[2025-12-16 18:50:39] INFO     Consolidando resultados...
[2025-12-16 18:50:39] INFO     ✅ Resultados consolidados
[2025-12-16 18:50:39] INFO     Generando informe JSON...
[2025-12-16 18:50:39] INFO     ✅ Informe generado: data/output/forensic_report_20251216_185039.json
[2025-12-16 18:50:39] INFO     ==================================================
[2025-12-16 18:50:39] INFO     ✅ Análisis completado exitosamente
[2025-12-16 18:50:39] INFO     📄 Informe generado:  data/output/forensic_report_20251216_185039.json
[2025-12-16 18:50:39] INFO     ==================================================
